{"name": "test_1[2]", "status": "failed", "statusDetails": {"message": "AssertionError: assert 2 != 2", "trace": "self = <Test.test_search.Test_Base object at 0x0396A2B0>\na = 2\n\n    @pytest.mark.parametrize('a',[1,2,3])\n    #@pytest.allure.severity(pytest.allure.severity_level.CRITICAL)\n    @allure.severity(allure.severity_level.CRITICAL)\n    @allure.step(title=\"测试步骤001\")\n    def test_1(self,a):\n        allure.attach('描述','我是测试步骤001的描述')\n>       assert a != 2\nE       assert 2 != 2\n\nTest\\test_search.py:23: AssertionError"}, "steps": [{"name": "测试步骤001", "status": "failed", "statusDetails": {"message": "AssertionError: assert 2 != 2\n", "trace": "  File \"c:\\users\\admin900625\\appdata\\local\\programs\\python\\python36-32\\lib\\site-packages\\allure_commons\\_allure.py\", line 157, in impl\n    return func(*a, **kw)\n  File \"E:\\app\\git_program\\Gif_Project\\Test\\test_search.py\", line 23, in test_1\n    assert a != 2\n"}, "attachments": [{"name": "我是测试步骤001的描述", "source": "e4049cdf-c569-4dbf-96c6-7bb437ebc471-attachment.attach"}], "parameters": [{"name": "a", "value": "2"}], "start": 1583339943041, "stop": 1583339943043}], "parameters": [{"name": "a", "value": "2"}], "start": 1583339943040, "stop": 1583339943062, "uuid": "476db848-326c-4bcd-9f55-de22f10c6b0e", "historyId": "b9415ef641a4cfbc70e8a702098c30c1", "testCaseId": "cbffb8fa9430b001aae176614c563687", "fullName": "Test.test_search.Test_Base#test_1", "labels": [{"name": "severity", "value": "critical"}, {"name": "parentSuite", "value": "Test"}, {"name": "suite", "value": "test_search"}, {"name": "subSuite", "value": "Test_Base"}, {"name": "host", "value": "DESKTOP-E3BR8K0"}, {"name": "thread", "value": "15776-MainThread"}, {"name": "framework", "value": "pytest"}, {"name": "language", "value": "cpython3"}, {"name": "package", "value": "Test.test_search"}]}